2026-01-27 13:54:50.414 [info] Extension host with pid 1476 started
2026-01-27 13:54:50.414 [info] Skipping acquiring lock for a:\projekt_reaktionstester\App\VSCode\data\user-data\User\workspaceStorage\73976f1f98437525a72a9e64b4b7ee31.
2026-01-27 13:54:50.429 [info] ExtensionService#_doActivateExtension vscode.github-authentication, startup: false, activationEvent: 'onAuthenticationRequest:github'
2026-01-27 13:54:50.496 [info] ExtensionService#_doActivateExtension vscode.git-base, startup: true, activationEvent: '*', root cause: vscode.git
2026-01-27 13:54:50.498 [info] ExtensionService#_doActivateExtension seunlanlege.action-buttons, startup: true, activationEvent: '*'
2026-01-27 13:54:50.502 [info] ExtensionService#_doActivateExtension ms-vscode.cpptools, startup: true, activationEvent: 'workspaceContains:/.vscode/c_cpp_properties.json'
2026-01-27 13:54:50.657 [info] ExtensionService#_doActivateExtension vscode.git, startup: true, activationEvent: '*'
2026-01-27 13:54:50.691 [info] ExtensionService#_doActivateExtension vscode.github, startup: true, activationEvent: '*'
2026-01-27 13:54:50.971 [info] ExtensionService#_doActivateExtension vscode.configuration-editing, startup: false, activationEvent: 'onLanguage:json'
2026-01-27 13:54:50.980 [info] ExtensionService#_doActivateExtension vscode.extension-editing, startup: false, activationEvent: 'onLanguage:json'
2026-01-27 13:54:50.989 [info] ExtensionService#_doActivateExtension vscode.json-language-features, startup: false, activationEvent: 'onLanguage:json'
2026-01-27 13:54:51.028 [info] ExtensionService#_doActivateExtension vscode.npm, startup: false, activationEvent: 'onLanguage:json'
2026-01-27 13:54:51.047 [info] ExtensionService#_doActivateExtension vscode.emmet, startup: false, activationEvent: 'onLanguage'
2026-01-27 13:54:51.062 [info] Eager extensions activated
2026-01-27 13:54:51.417 [info] ExtensionService#_doActivateExtension vscode.typescript-language-features, startup: false, activationEvent: 'onLanguage:jsonc'
2026-01-27 13:54:51.451 [info] ExtensionService#_doActivateExtension vscode.debug-auto-launch, startup: false, activationEvent: 'onStartupFinished'
2026-01-27 13:54:51.453 [info] ExtensionService#_doActivateExtension vscode.merge-conflict, startup: false, activationEvent: 'onStartupFinished'
2026-01-27 13:54:51.465 [info] ExtensionService#_doActivateExtension eclipse-cdt.peripheral-inspector, startup: false, activationEvent: 'onStartupFinished'
2026-01-27 13:55:15.690 [info] ExtensionService#_doActivateExtension vscode.terminal-suggest, startup: false, activationEvent: 'onTerminalShellIntegration:*'
2026-01-27 13:55:22.420 [info] ExtensionService#_doActivateExtension vscode.debug-server-ready, startup: false, activationEvent: 'onDebugResolve'
2026-01-27 13:55:59.958 [info] Extension host terminating: renderer closed the MessagePort
2026-01-27 13:55:59.986 [error] Error: Channel has been closed
	at n (file:///a:/projekt_reaktionstester/App/VSCode/resources/app/out/vs/workbench/api/node/extensionHostProcess.js:119:2816)
	at Object.info (file:///a:/projekt_reaktionstester/App/VSCode/resources/app/out/vs/workbench/api/node/extensionHostProcess.js:119:3161)
	at T.info (a:\projekt_reaktionstester\App\VSCode\resources\app\extensions\json-language-features\client\dist\node\jsonClientMain.js:2:45257)
	at ChildProcess.<anonymous> (a:\projekt_reaktionstester\App\VSCode\resources\app\extensions\json-language-features\client\dist\node\jsonClientMain.js:2:599801)
	at ChildProcess.emit (node:events:518:28)
	at ChildProcess._handle.onexit (node:internal/child_process:293:12)
2026-01-27 13:55:59.989 [info] Extension host with pid 1476 exiting with code 0
